2017-09-01 10:31:29,769 INFO: microblog startup [in /Users/faben/Dropbox/Flask/hipegame/app/__init__.py:44
2017-09-01 10:31:38,266 INFO: microblog startup [in /Users/faben/Dropbox/Flask/hipegame/app/__init__.py:44
2017-09-01 10:31:48,651 INFO: microblog startup [in /Users/faben/Dropbox/Flask/hipegame/app/__init__.py:44
2017-09-01 10:31:49,067 INFO: microblog startup [in /Users/faben/Dropbox/Flask/hipegame/app/__init__.py:44
2017-09-01 10:36:44,054 INFO: microblog startup [in /Users/faben/Dropbox/Flask/hipegame/app/__init__.py:44
2017-09-01 10:36:44,700 INFO: microblog startup [in /Users/faben/Dropbox/Flask/hipegame/app/__init__.py:44
2017-09-03 16:34:33,026 INFO: microblog startup [in /Users/faben/Dropbox/Flask/hipegame/app/__init__.py:44
2017-09-03 16:34:33,469 INFO: microblog startup [in /Users/faben/Dropbox/Flask/hipegame/app/__init__.py:44
2017-09-03 16:35:29,081 INFO: microblog startup [in /Users/faben/Dropbox/Flask/hipegame/app/__init__.py:44
2017-09-03 16:35:29,659 INFO: microblog startup [in /Users/faben/Dropbox/Flask/hipegame/app/__init__.py:44
2017-09-05 11:20:45,752 INFO: microblog startup [in /Users/faben/Dropbox/Flask/hipegame/app/__init__.py:44
2017-09-05 11:20:46,195 INFO: microblog startup [in /Users/faben/Dropbox/Flask/hipegame/app/__init__.py:44
2017-09-05 11:25:26,303 INFO: microblog startup [in /Users/faben/Dropbox/Flask/hipegame/app/__init__.py:44
2017-09-05 11:25:26,795 INFO: microblog startup [in /Users/faben/Dropbox/Flask/hipegame/app/__init__.py:44
2017-09-05 11:25:53,269 INFO: microblog startup [in /Users/faben/Dropbox/Flask/hipegame/app/__init__.py:44
2017-09-05 11:25:53,731 INFO: microblog startup [in /Users/faben/Dropbox/Flask/hipegame/app/__init__.py:44
2017-09-05 11:37:02,201 INFO: microblog startup [in /Users/faben/Dropbox/Flask/hipegame/app/__init__.py:44
2017-09-05 11:37:10,368 INFO: microblog startup [in app/__init__.py:44
2017-09-05 12:01:00,432 INFO: microblog startup [in /Users/faben/Dropbox/Flask/hipegame/app/__init__.py:44
2017-09-05 12:01:20,478 INFO: microblog startup [in /Users/faben/Dropbox/Flask/hipegame/app/__init__.py:44
2017-09-05 12:01:21,013 INFO: microblog startup [in /Users/faben/Dropbox/Flask/hipegame/app/__init__.py:44
2017-09-05 12:02:33,437 INFO: microblog startup [in /Users/faben/Dropbox/Flask/hipegame/app/__init__.py:44
2017-09-05 12:02:38,774 INFO: microblog startup [in /Users/faben/Dropbox/Flask/hipegame/app/__init__.py:44
2017-09-05 12:02:39,265 INFO: microblog startup [in /Users/faben/Dropbox/Flask/hipegame/app/__init__.py:44
2017-09-05 12:03:21,839 INFO: microblog startup [in app/__init__.py:44
2017-09-05 12:05:09,894 INFO: microblog startup [in app/__init__.py:44
2017-09-05 12:06:54,688 INFO: microblog startup [in /Users/faben/Dropbox/Flask/hipegame/app/__init__.py:44
2017-09-05 12:06:55,103 INFO: microblog startup [in /Users/faben/Dropbox/Flask/hipegame/app/__init__.py:44
2017-09-05 12:07:27,516 INFO: microblog startup [in /Users/faben/Dropbox/Flask/hipegame/app/__init__.py:44
2017-09-05 12:07:27,970 INFO: microblog startup [in /Users/faben/Dropbox/Flask/hipegame/app/__init__.py:44
2017-09-05 12:08:04,138 INFO: microblog startup [in /Users/faben/Dropbox/Flask/hipegame/app/__init__.py:44
2017-09-05 12:08:04,658 INFO: microblog startup [in /Users/faben/Dropbox/Flask/hipegame/app/__init__.py:44
2017-09-05 12:24:57,918 INFO: microblog startup [in /Users/faben/Dropbox/Flask/hipegame/app/__init__.py:44
2017-09-05 12:26:34,081 INFO: microblog startup [in /Users/faben/Dropbox/Flask/hipegame/app/__init__.py:44
2017-09-05 12:26:34,667 INFO: microblog startup [in /Users/faben/Dropbox/Flask/hipegame/app/__init__.py:44
2017-09-05 12:27:00,427 INFO: microblog startup [in /Users/faben/Dropbox/Flask/hipegame/app/__init__.py:44
2017-09-05 12:27:01,007 INFO: microblog startup [in /Users/faben/Dropbox/Flask/hipegame/app/__init__.py:44
2017-09-05 12:27:36,349 INFO: microblog startup [in /Users/faben/Dropbox/Flask/hipegame/app/__init__.py:44
2017-09-05 12:27:36,841 INFO: microblog startup [in /Users/faben/Dropbox/Flask/hipegame/app/__init__.py:44
2017-09-05 12:31:22,666 INFO: microblog startup [in /Users/faben/Dropbox/Flask/hipegame/app/__init__.py:44
2017-09-05 12:31:23,133 INFO: microblog startup [in /Users/faben/Dropbox/Flask/hipegame/app/__init__.py:44
2017-09-05 12:32:59,386 INFO: microblog startup [in /Users/faben/Dropbox/Flask/hipegame/app/__init__.py:44
2017-09-05 12:32:59,862 INFO: microblog startup [in /Users/faben/Dropbox/Flask/hipegame/app/__init__.py:44
2017-09-05 12:36:59,938 INFO: microblog startup [in /Users/faben/Dropbox/Flask/hipegame/app/__init__.py:44
2017-09-05 12:37:00,510 INFO: microblog startup [in /Users/faben/Dropbox/Flask/hipegame/app/__init__.py:44
2017-09-05 12:38:12,118 INFO: microblog startup [in /Users/faben/Dropbox/Flask/hipegame/app/__init__.py:44
2017-09-05 12:38:12,683 INFO: microblog startup [in /Users/faben/Dropbox/Flask/hipegame/app/__init__.py:44
2017-09-05 12:41:04,071 INFO: microblog startup [in /Users/faben/Dropbox/Flask/hipegame/app/__init__.py:44
2017-09-05 12:41:04,599 INFO: microblog startup [in /Users/faben/Dropbox/Flask/hipegame/app/__init__.py:44
2017-09-05 12:45:23,062 INFO: microblog startup [in /Users/faben/Dropbox/Flask/hipegame/app/__init__.py:44
2017-09-05 12:45:23,608 INFO: microblog startup [in /Users/faben/Dropbox/Flask/hipegame/app/__init__.py:44
2017-09-05 12:52:05,826 INFO: microblog startup [in /Users/faben/Dropbox/Flask/hipegame/app/__init__.py:44
2017-09-05 12:52:06,436 INFO: microblog startup [in /Users/faben/Dropbox/Flask/hipegame/app/__init__.py:44
2017-09-05 12:52:21,648 INFO: microblog startup [in /Users/faben/Dropbox/Flask/hipegame/app/__init__.py:44
2017-09-05 12:52:22,092 INFO: microblog startup [in /Users/faben/Dropbox/Flask/hipegame/app/__init__.py:44
2017-09-05 12:53:40,970 INFO: microblog startup [in /Users/faben/Dropbox/Flask/hipegame/app/__init__.py:44
2017-09-05 12:53:41,523 INFO: microblog startup [in /Users/faben/Dropbox/Flask/hipegame/app/__init__.py:44
2017-09-05 12:54:24,014 INFO: microblog startup [in /Users/faben/Dropbox/Flask/hipegame/app/__init__.py:44
2017-09-05 12:54:24,554 INFO: microblog startup [in /Users/faben/Dropbox/Flask/hipegame/app/__init__.py:44
2017-09-05 12:56:08,407 INFO: microblog startup [in /Users/faben/Dropbox/Flask/hipegame/app/__init__.py:44
2017-09-05 12:56:08,980 INFO: microblog startup [in /Users/faben/Dropbox/Flask/hipegame/app/__init__.py:44
2017-09-05 12:57:45,532 INFO: microblog startup [in /Users/faben/Dropbox/Flask/hipegame/app/__init__.py:44
2017-09-05 12:57:46,097 INFO: microblog startup [in /Users/faben/Dropbox/Flask/hipegame/app/__init__.py:44
2017-09-05 12:58:26,481 INFO: microblog startup [in /Users/faben/Dropbox/Flask/hipegame/app/__init__.py:44
2017-09-05 12:58:26,965 INFO: microblog startup [in /Users/faben/Dropbox/Flask/hipegame/app/__init__.py:44
2017-09-05 12:59:00,644 INFO: microblog startup [in /Users/faben/Dropbox/Flask/hipegame/app/__init__.py:44
2017-09-05 12:59:01,066 INFO: microblog startup [in /Users/faben/Dropbox/Flask/hipegame/app/__init__.py:44
2017-09-05 12:59:34,244 INFO: microblog startup [in /Users/faben/Dropbox/Flask/hipegame/app/__init__.py:44
2017-09-05 12:59:34,805 INFO: microblog startup [in /Users/faben/Dropbox/Flask/hipegame/app/__init__.py:44
2017-09-05 13:04:10,741 INFO: microblog startup [in /Users/faben/Dropbox/Flask/hipegame/app/__init__.py:44
2017-09-05 13:04:11,309 INFO: microblog startup [in /Users/faben/Dropbox/Flask/hipegame/app/__init__.py:44
2017-09-05 13:04:42,480 INFO: microblog startup [in /Users/faben/Dropbox/Flask/hipegame/app/__init__.py:44
2017-09-05 13:04:43,039 INFO: microblog startup [in /Users/faben/Dropbox/Flask/hipegame/app/__init__.py:44
2017-09-05 13:05:19,258 INFO: microblog startup [in /Users/faben/Dropbox/Flask/hipegame/app/__init__.py:44
2017-09-05 13:05:19,667 INFO: microblog startup [in /Users/faben/Dropbox/Flask/hipegame/app/__init__.py:44
2017-09-05 13:08:20,337 INFO: microblog startup [in /Users/faben/Dropbox/Flask/hipegame/app/__init__.py:44
2017-09-05 13:08:20,835 INFO: microblog startup [in /Users/faben/Dropbox/Flask/hipegame/app/__init__.py:44
2017-09-05 13:08:55,724 INFO: microblog startup [in /Users/faben/Dropbox/Flask/hipegame/app/__init__.py:44
2017-09-05 13:08:56,231 INFO: microblog startup [in /Users/faben/Dropbox/Flask/hipegame/app/__init__.py:44
2017-09-05 13:09:20,043 INFO: microblog startup [in /Users/faben/Dropbox/Flask/hipegame/app/__init__.py:44
2017-09-05 13:09:20,538 INFO: microblog startup [in /Users/faben/Dropbox/Flask/hipegame/app/__init__.py:44
2017-09-05 13:09:48,075 INFO: microblog startup [in /Users/faben/Dropbox/Flask/hipegame/app/__init__.py:44
2017-09-05 13:09:48,546 INFO: microblog startup [in /Users/faben/Dropbox/Flask/hipegame/app/__init__.py:44
2017-09-05 13:12:08,516 INFO: microblog startup [in /Users/faben/Dropbox/Flask/hipegame/app/__init__.py:44
2017-09-05 13:12:09,066 INFO: microblog startup [in /Users/faben/Dropbox/Flask/hipegame/app/__init__.py:44
2017-09-05 13:12:50,061 INFO: microblog startup [in /Users/faben/Dropbox/Flask/hipegame/app/__init__.py:44
2017-09-05 13:12:50,495 INFO: microblog startup [in /Users/faben/Dropbox/Flask/hipegame/app/__init__.py:44
2017-09-05 13:07:45,189 INFO: microblog startup [in /Users/faben/Dropbox/Flask/hipegame/app/__init__.py:44
2017-09-05 13:07:45,677 INFO: microblog startup [in /Users/faben/Dropbox/Flask/hipegame/app/__init__.py:44
2017-09-05 13:23:56,196 INFO: microblog startup [in /Users/faben/Dropbox/Flask/hipegame/app/__init__.py:44
2017-09-05 13:23:56,808 INFO: microblog startup [in /Users/faben/Dropbox/Flask/hipegame/app/__init__.py:44
2017-09-05 13:32:27,437 INFO: microblog startup [in /Users/faben/Dropbox/Flask/hipegame/app/__init__.py:44
2017-09-05 13:32:57,427 INFO: microblog startup [in /Users/faben/Dropbox/Flask/hipegame/app/__init__.py:44
2017-09-05 13:32:57,880 INFO: microblog startup [in /Users/faben/Dropbox/Flask/hipegame/app/__init__.py:44
2017-09-05 13:33:21,769 INFO: microblog startup [in /Users/faben/Dropbox/Flask/hipegame/app/__init__.py:44
2017-09-05 13:33:22,331 INFO: microblog startup [in /Users/faben/Dropbox/Flask/hipegame/app/__init__.py:44
2017-09-05 13:34:42,920 INFO: microblog startup [in /Users/faben/Dropbox/Flask/hipegame/app/__init__.py:44
2017-09-05 13:34:43,407 INFO: microblog startup [in /Users/faben/Dropbox/Flask/hipegame/app/__init__.py:44
2017-09-05 13:35:19,252 INFO: microblog startup [in app/__init__.py:44
2017-09-05 13:37:46,473 INFO: microblog startup [in app/__init__.py:44
2017-09-05 13:40:39,020 INFO: microblog startup [in /Users/faben/Dropbox/Flask/hipegame/app/__init__.py:44
2017-09-05 13:40:40,523 INFO: microblog startup [in /Users/faben/Dropbox/Flask/hipegame/app/__init__.py:44
2017-09-05 13:43:10,114 INFO: microblog startup [in /Users/faben/Dropbox/Flask/hipegame/app/__init__.py:44
2017-09-05 13:43:11,876 INFO: microblog startup [in /Users/faben/Dropbox/Flask/hipegame/app/__init__.py:44
2017-09-05 13:48:26,959 INFO: microblog startup [in /Users/faben/Dropbox/Flask/hipegame/app/__init__.py:44
2017-09-05 13:48:27,421 INFO: microblog startup [in /Users/faben/Dropbox/Flask/hipegame/app/__init__.py:44
2017-09-05 13:48:50,111 INFO: microblog startup [in /Users/faben/Dropbox/Flask/hipegame/app/__init__.py:44
2017-09-05 13:48:50,563 INFO: microblog startup [in /Users/faben/Dropbox/Flask/hipegame/app/__init__.py:44
2017-09-05 13:49:02,141 INFO: microblog startup [in /Users/faben/Dropbox/Flask/hipegame/app/__init__.py:44
2017-09-05 13:49:02,619 INFO: microblog startup [in /Users/faben/Dropbox/Flask/hipegame/app/__init__.py:44
2017-09-05 13:49:13,601 INFO: microblog startup [in /Users/faben/Dropbox/Flask/hipegame/app/__init__.py:44
2017-09-05 13:49:14,063 INFO: microblog startup [in /Users/faben/Dropbox/Flask/hipegame/app/__init__.py:44
2017-09-05 13:51:30,727 INFO: microblog startup [in /Users/faben/Dropbox/Flask/hipegame/app/__init__.py:44
2017-09-05 13:51:31,261 INFO: microblog startup [in /Users/faben/Dropbox/Flask/hipegame/app/__init__.py:44
2017-09-05 13:53:23,963 INFO: microblog startup [in /Users/faben/Dropbox/Flask/hipegame/app/__init__.py:44
2017-09-05 13:53:24,470 INFO: microblog startup [in /Users/faben/Dropbox/Flask/hipegame/app/__init__.py:44
2017-09-05 13:54:16,219 INFO: microblog startup [in /Users/faben/Dropbox/Flask/hipegame/app/__init__.py:44
2017-09-05 13:54:16,662 INFO: microblog startup [in /Users/faben/Dropbox/Flask/hipegame/app/__init__.py:44
2017-09-05 13:58:47,330 INFO: microblog startup [in /Users/faben/Dropbox/Flask/hipegame/app/__init__.py:44
2017-09-05 13:58:47,765 INFO: microblog startup [in /Users/faben/Dropbox/Flask/hipegame/app/__init__.py:44
2017-09-08 22:52:29,330 INFO: microblog startup [in /Users/faben/Dropbox/Flask/hipegame/app/__init__.py:44
2017-09-08 22:52:29,797 INFO: microblog startup [in /Users/faben/Dropbox/Flask/hipegame/app/__init__.py:44
2017-09-08 22:54:03,346 INFO: microblog startup [in /Users/faben/Dropbox/Flask/hipegame/app/__init__.py:44
2017-09-08 22:54:04,006 INFO: microblog startup [in /Users/faben/Dropbox/Flask/hipegame/app/__init__.py:44
2017-09-08 23:06:00,704 INFO: microblog startup [in app/__init__.py:44
2017-09-08 23:06:29,796 INFO: microblog startup [in app/__init__.py:44
2017-09-08 23:07:34,959 INFO: microblog startup [in app/__init__.py:44
2017-09-08 23:10:21,784 INFO: microblog startup [in app/__init__.py:44
2017-09-08 23:14:35,473 INFO: microblog startup [in app/__init__.py:44
2017-09-08 23:14:59,359 INFO: microblog startup [in app/__init__.py:44
2017-09-08 23:16:43,088 INFO: microblog startup [in app/__init__.py:44
2017-09-08 23:17:53,051 INFO: microblog startup [in app/__init__.py:44
2017-09-08 23:18:22,639 INFO: microblog startup [in app/__init__.py:44
2017-09-08 23:18:48,098 INFO: microblog startup [in app/__init__.py:44
2017-09-08 23:19:08,703 INFO: microblog startup [in app/__init__.py:44
2017-09-08 23:19:25,156 INFO: microblog startup [in app/__init__.py:44
2017-09-08 23:19:40,092 INFO: microblog startup [in app/__init__.py:44
2017-09-08 23:20:11,269 INFO: microblog startup [in app/__init__.py:44
2017-09-08 23:28:36,140 INFO: microblog startup [in app/__init__.py:44
2017-09-08 23:29:47,681 INFO: microblog startup [in app/__init__.py:44
2017-09-08 23:31:23,392 INFO: microblog startup [in app/__init__.py:44
2017-09-08 23:31:44,433 INFO: microblog startup [in app/__init__.py:44
2017-09-08 23:33:48,074 INFO: microblog startup [in app/__init__.py:44
2017-09-08 23:36:45,748 INFO: microblog startup [in app/__init__.py:44
2017-09-08 23:37:14,226 INFO: microblog startup [in app/__init__.py:44
2017-09-08 23:37:27,488 INFO: microblog startup [in /Users/faben/Dropbox/Flask/hipegame/app/__init__.py:44
2017-09-08 23:37:37,600 INFO: microblog startup [in app/__init__.py:44
2017-09-08 23:42:24,347 INFO: microblog startup [in app/__init__.py:44
2017-09-08 23:42:49,663 INFO: microblog startup [in app/__init__.py:44
2017-09-08 23:49:18,302 INFO: microblog startup [in app/__init__.py:44
2017-09-08 23:53:40,053 INFO: microblog startup [in /Users/faben/Dropbox/Flask/hipegame/app/__init__.py:44
2017-09-08 23:53:49,396 INFO: microblog startup [in app/__init__.py:44
2017-09-09 00:01:15,183 INFO: microblog startup [in /Users/faben/Dropbox/Flask/hipegame/app/__init__.py:44
2017-09-09 00:01:15,779 INFO: microblog startup [in /Users/faben/Dropbox/Flask/hipegame/app/__init__.py:44
2017-09-09 00:02:11,400 INFO: microblog startup [in /Users/faben/Dropbox/Flask/hipegame/app/__init__.py:44
2017-09-09 00:02:11,953 INFO: microblog startup [in /Users/faben/Dropbox/Flask/hipegame/app/__init__.py:44
2017-09-09 00:03:05,212 INFO: microblog startup [in /Users/faben/Dropbox/Flask/hipegame/app/__init__.py:44
2017-09-09 00:03:05,716 INFO: microblog startup [in /Users/faben/Dropbox/Flask/hipegame/app/__init__.py:44
2017-09-09 00:04:30,204 INFO: microblog startup [in /Users/faben/Dropbox/Flask/hipegame/app/__init__.py:44
2017-09-09 00:04:30,591 INFO: microblog startup [in /Users/faben/Dropbox/Flask/hipegame/app/__init__.py:44
2017-09-09 00:05:25,108 INFO: microblog startup [in /Users/faben/Dropbox/Flask/hipegame/app/__init__.py:44
2017-09-09 00:05:25,521 INFO: microblog startup [in /Users/faben/Dropbox/Flask/hipegame/app/__init__.py:44
2017-09-09 00:08:35,692 INFO: microblog startup [in /Users/faben/Dropbox/Flask/hipegame/app/__init__.py:44
2017-09-09 00:08:36,275 INFO: microblog startup [in /Users/faben/Dropbox/Flask/hipegame/app/__init__.py:44
2017-09-09 00:10:33,615 INFO: microblog startup [in /Users/faben/Dropbox/Flask/hipegame/app/__init__.py:44
2017-09-09 00:10:34,017 INFO: microblog startup [in /Users/faben/Dropbox/Flask/hipegame/app/__init__.py:44
2017-09-09 00:12:39,913 INFO: microblog startup [in /Users/faben/Dropbox/Flask/hipegame/app/__init__.py:44
2017-09-09 00:12:40,460 INFO: microblog startup [in /Users/faben/Dropbox/Flask/hipegame/app/__init__.py:44
2017-09-09 13:48:57,698 INFO: microblog startup [in /Users/faben/Dropbox/Flask/hipegame/app/__init__.py:44
2017-09-09 13:48:58,227 INFO: microblog startup [in /Users/faben/Dropbox/Flask/hipegame/app/__init__.py:44
2017-09-09 13:50:26,440 INFO: microblog startup [in /Users/faben/Dropbox/Flask/hipegame/app/__init__.py:44
2017-09-09 13:50:26,909 INFO: microblog startup [in /Users/faben/Dropbox/Flask/hipegame/app/__init__.py:44
2017-09-09 13:57:27,757 INFO: microblog startup [in /Users/faben/Dropbox/Flask/hipegame/app/__init__.py:44
2017-09-09 13:57:28,292 INFO: microblog startup [in /Users/faben/Dropbox/Flask/hipegame/app/__init__.py:44
2017-09-09 17:17:00,506 INFO: microblog startup [in /Users/faben/Dropbox/Flask/hipegame/app/__init__.py:44
2017-09-09 17:17:13,974 INFO: microblog startup [in /Users/faben/Dropbox/Flask/hipegame/app/__init__.py:44
2017-09-09 17:18:14,926 INFO: microblog startup [in /Users/faben/Dropbox/Flask/hipegame/app/__init__.py:44
2017-09-09 17:18:30,594 INFO: microblog startup [in /Users/faben/Dropbox/Flask/hipegame/app/__init__.py:44
2017-09-09 17:18:31,312 INFO: microblog startup [in /Users/faben/Dropbox/Flask/hipegame/app/__init__.py:44
2017-09-09 17:22:08,890 INFO: microblog startup [in /Users/faben/Dropbox/Flask/hipegame/app/__init__.py:44
2017-09-09 17:22:12,257 INFO: microblog startup [in /Users/faben/Dropbox/Flask/hipegame/app/__init__.py:44
2017-09-09 17:22:12,929 INFO: microblog startup [in /Users/faben/Dropbox/Flask/hipegame/app/__init__.py:44
2017-09-09 17:24:31,791 INFO: microblog startup [in /Users/faben/Dropbox/Flask/hipegame/app/__init__.py:44
2017-09-09 17:24:32,516 INFO: microblog startup [in /Users/faben/Dropbox/Flask/hipegame/app/__init__.py:44
2017-09-12 21:24:53,027 INFO: microblog startup [in /Users/faben/Dropbox/Flask/hipegame/app/__init__.py:44
2017-09-12 21:24:53,824 INFO: microblog startup [in /Users/faben/Dropbox/Flask/hipegame/app/__init__.py:44
2017-09-12 21:26:07,459 INFO: microblog startup [in /Users/faben/Dropbox/Flask/hipegame/app/__init__.py:44
2017-09-12 21:26:08,157 INFO: microblog startup [in /Users/faben/Dropbox/Flask/hipegame/app/__init__.py:44
2017-09-12 21:30:21,968 INFO: microblog startup [in /Users/faben/Dropbox/Flask/hipegame/app/__init__.py:44
2017-09-12 21:30:22,518 INFO: microblog startup [in /Users/faben/Dropbox/Flask/hipegame/app/__init__.py:44
2017-09-12 21:31:33,781 INFO: microblog startup [in /Users/faben/Dropbox/Flask/hipegame/app/__init__.py:44
2017-09-12 21:31:34,420 INFO: microblog startup [in /Users/faben/Dropbox/Flask/hipegame/app/__init__.py:44
2017-09-12 21:31:48,503 INFO: microblog startup [in /Users/faben/Dropbox/Flask/hipegame/app/__init__.py:44
2017-09-12 21:31:49,222 INFO: microblog startup [in /Users/faben/Dropbox/Flask/hipegame/app/__init__.py:44
2017-09-12 21:32:09,545 INFO: microblog startup [in /Users/faben/Dropbox/Flask/hipegame/app/__init__.py:44
2017-09-12 21:32:10,276 INFO: microblog startup [in /Users/faben/Dropbox/Flask/hipegame/app/__init__.py:44
2017-09-12 21:34:16,571 INFO: microblog startup [in /Users/faben/Dropbox/Flask/hipegame/app/__init__.py:44
2017-09-12 21:34:17,252 INFO: microblog startup [in /Users/faben/Dropbox/Flask/hipegame/app/__init__.py:44
2017-09-12 21:40:36,190 INFO: microblog startup [in /Users/faben/Dropbox/Flask/hipegame/app/__init__.py:44
2017-09-12 21:41:54,225 INFO: microblog startup [in /Users/faben/Dropbox/Flask/hipegame/app/__init__.py:44
2017-09-12 21:44:58,116 INFO: microblog startup [in /Users/faben/Dropbox/Flask/hipegame/app/__init__.py:44
2017-09-12 21:45:08,663 INFO: microblog startup [in /Users/faben/Dropbox/Flask/hipegame/app/__init__.py:44
2017-09-12 21:45:13,713 INFO: microblog startup [in /Users/faben/Dropbox/Flask/hipegame/app/__init__.py:44
2017-09-12 21:45:14,413 INFO: microblog startup [in /Users/faben/Dropbox/Flask/hipegame/app/__init__.py:44
2017-09-12 21:46:24,443 INFO: microblog startup [in /Users/faben/Dropbox/Flask/hipegame/app/__init__.py:44
2017-09-12 21:46:25,011 INFO: microblog startup [in /Users/faben/Dropbox/Flask/hipegame/app/__init__.py:44
2017-09-12 21:48:14,473 INFO: microblog startup [in /Users/faben/Dropbox/Flask/hipegame/app/__init__.py:44
2017-09-12 21:48:15,032 INFO: microblog startup [in /Users/faben/Dropbox/Flask/hipegame/app/__init__.py:44
2017-09-12 21:57:59,742 INFO: microblog startup [in /Users/faben/Dropbox/Flask/hipegame/app/__init__.py:44
2017-09-12 21:58:00,577 INFO: microblog startup [in /Users/faben/Dropbox/Flask/hipegame/app/__init__.py:44
2017-09-12 21:59:58,848 INFO: microblog startup [in /Users/faben/Dropbox/Flask/hipegame/app/__init__.py:44
2017-09-12 21:59:59,597 INFO: microblog startup [in /Users/faben/Dropbox/Flask/hipegame/app/__init__.py:44
2017-09-12 22:10:25,102 INFO: microblog startup [in /Users/faben/Dropbox/Flask/hipegame/app/__init__.py:44
2017-09-12 22:10:25,896 INFO: microblog startup [in /Users/faben/Dropbox/Flask/hipegame/app/__init__.py:44
2017-09-12 22:12:47,267 INFO: microblog startup [in /Users/faben/Dropbox/Flask/hipegame/app/__init__.py:44
2017-09-12 22:12:47,892 INFO: microblog startup [in /Users/faben/Dropbox/Flask/hipegame/app/__init__.py:44
2017-09-16 10:13:50,136 INFO: microblog startup [in /Users/faben/Dropbox/Flask/hipegame/app/__init__.py:44
2017-09-16 10:13:51,080 INFO: microblog startup [in /Users/faben/Dropbox/Flask/hipegame/app/__init__.py:44
2017-09-16 10:26:15,052 INFO: microblog startup [in /Users/faben/Dropbox/Flask/hipegame/app/__init__.py:44
2017-09-16 10:26:15,956 INFO: microblog startup [in /Users/faben/Dropbox/Flask/hipegame/app/__init__.py:44
2017-09-16 10:29:59,568 INFO: microblog startup [in /Users/faben/Dropbox/Flask/hipegame/app/__init__.py:44
2017-09-16 10:30:00,336 INFO: microblog startup [in /Users/faben/Dropbox/Flask/hipegame/app/__init__.py:44
2017-09-16 10:32:10,050 INFO: microblog startup [in /Users/faben/Dropbox/Flask/hipegame/app/__init__.py:44
2017-09-16 10:32:31,585 INFO: microblog startup [in /Users/faben/Dropbox/Flask/hipegame/app/__init__.py:44
2017-09-16 10:32:40,498 INFO: microblog startup [in /Users/faben/Dropbox/Flask/hipegame/app/__init__.py:44
2017-09-16 10:32:41,065 INFO: microblog startup [in /Users/faben/Dropbox/Flask/hipegame/app/__init__.py:44
2017-10-07 18:53:42,984 INFO: microblog startup [in /Users/faben/Dropbox/Flask/hipegame/app/__init__.py:44
2017-10-07 18:56:08,444 INFO: microblog startup [in app/__init__.py:44
2017-10-07 19:02:21,894 INFO: microblog startup [in /Users/faben/Dropbox/Flask/hipegame/app/__init__.py:44
2017-10-07 19:03:15,410 INFO: microblog startup [in /Users/faben/Dropbox/Flask/hipegame/app/__init__.py:44
2017-10-07 19:44:10,088 INFO: microblog startup [in /Users/faben/Dropbox/Flask/hipegame/app/__init__.py:44
2017-10-07 19:44:12,387 ERROR: Exception on /user/jdfaben [GET] [in /Users/faben/anaconda/lib/python2.7/site-packages/flask/app.py:1560
Traceback (most recent call last):
  File "/Users/faben/anaconda/lib/python2.7/site-packages/flask/app.py", line 1982, in wsgi_app
    response = self.full_dispatch_request()
  File "/Users/faben/anaconda/lib/python2.7/site-packages/flask/app.py", line 1614, in full_dispatch_request
    rv = self.handle_user_exception(e)
  File "/Users/faben/anaconda/lib/python2.7/site-packages/flask/app.py", line 1517, in handle_user_exception
    reraise(exc_type, exc_value, tb)
  File "/Users/faben/anaconda/lib/python2.7/site-packages/flask/app.py", line 1610, in full_dispatch_request
    rv = self.preprocess_request()
  File "/Users/faben/anaconda/lib/python2.7/site-packages/flask/app.py", line 1831, in preprocess_request
    rv = func()
  File "/Users/faben/Dropbox/Flask/hipegame/app/views.py", line 20, in before_request
    if g.user.is_authenticated:
  File "/Users/faben/anaconda/lib/python2.7/site-packages/werkzeug/local.py", line 347, in __getattr__
    return getattr(self._get_current_object(), name)
  File "/Users/faben/anaconda/lib/python2.7/site-packages/werkzeug/local.py", line 306, in _get_current_object
    return self.__local()
  File "/Users/faben/anaconda/lib/python2.7/site-packages/flask_login/utils.py", line 26, in <lambda>
    current_user = LocalProxy(lambda: _get_user())
  File "/Users/faben/anaconda/lib/python2.7/site-packages/flask_login/utils.py", line 302, in _get_user
    current_app.login_manager._load_user()
  File "/Users/faben/anaconda/lib/python2.7/site-packages/flask_login/login_manager.py", line 317, in _load_user
    return self.reload_user()
  File "/Users/faben/anaconda/lib/python2.7/site-packages/flask_login/login_manager.py", line 279, in reload_user
    user = self.user_callback(user_id)
  File "/Users/faben/Dropbox/Flask/hipegame/app/views.py", line 15, in load_user
    return User.query.get(int(id))
  File "/Users/faben/anaconda/lib/python2.7/site-packages/flask_sqlalchemy/__init__.py", line 496, in __get__
    mapper = orm.class_mapper(type)
  File "/Users/faben/anaconda/lib/python2.7/site-packages/sqlalchemy/orm/base.py", line 421, in class_mapper
    mapper = _inspect_mapped_class(class_, configure=configure)
  File "/Users/faben/anaconda/lib/python2.7/site-packages/sqlalchemy/orm/base.py", line 400, in _inspect_mapped_class
    mapper._configure_all()
  File "/Users/faben/anaconda/lib/python2.7/site-packages/sqlalchemy/orm/mapper.py", line 1222, in _configure_all
    configure_mappers()
  File "/Users/faben/anaconda/lib/python2.7/site-packages/sqlalchemy/orm/mapper.py", line 2866, in configure_mappers
    mapper._post_configure_properties()
  File "/Users/faben/anaconda/lib/python2.7/site-packages/sqlalchemy/orm/mapper.py", line 1765, in _post_configure_properties
    prop.init()
  File "/Users/faben/anaconda/lib/python2.7/site-packages/sqlalchemy/orm/interfaces.py", line 184, in init
    self.do_init()
  File "/Users/faben/anaconda/lib/python2.7/site-packages/sqlalchemy/orm/relationships.py", line 1652, in do_init
    self._process_dependent_arguments()
  File "/Users/faben/anaconda/lib/python2.7/site-packages/sqlalchemy/orm/relationships.py", line 1709, in _process_dependent_arguments
    self.target = self.mapper.mapped_table
  File "/Users/faben/anaconda/lib/python2.7/site-packages/sqlalchemy/util/langhelpers.py", line 764, in __get__
    obj.__dict__[self.__name__] = result = self.fget(obj)
  File "/Users/faben/anaconda/lib/python2.7/site-packages/sqlalchemy/orm/relationships.py", line 1625, in mapper
    argument = self.argument()
  File "/Users/faben/anaconda/lib/python2.7/site-packages/sqlalchemy/ext/declarative/clsregistry.py", line 293, in __call__
    (self.prop.parent, self.arg, n.args[0], self.cls)
InvalidRequestError: When initializing mapper Mapper|User|user, expression 'Post' failed to locate a name ("name 'Post' is not defined"). If this is a class name, consider adding this relationship() to the <class 'app.models.User'> class after both dependent classes have been defined.
2017-10-07 19:44:18,168 ERROR: Exception on / [GET] [in /Users/faben/anaconda/lib/python2.7/site-packages/flask/app.py:1560
Traceback (most recent call last):
  File "/Users/faben/anaconda/lib/python2.7/site-packages/flask/app.py", line 1982, in wsgi_app
    response = self.full_dispatch_request()
  File "/Users/faben/anaconda/lib/python2.7/site-packages/flask/app.py", line 1614, in full_dispatch_request
    rv = self.handle_user_exception(e)
  File "/Users/faben/anaconda/lib/python2.7/site-packages/flask/app.py", line 1517, in handle_user_exception
    reraise(exc_type, exc_value, tb)
  File "/Users/faben/anaconda/lib/python2.7/site-packages/flask/app.py", line 1610, in full_dispatch_request
    rv = self.preprocess_request()
  File "/Users/faben/anaconda/lib/python2.7/site-packages/flask/app.py", line 1831, in preprocess_request
    rv = func()
  File "/Users/faben/Dropbox/Flask/hipegame/app/views.py", line 20, in before_request
    if g.user.is_authenticated:
  File "/Users/faben/anaconda/lib/python2.7/site-packages/werkzeug/local.py", line 347, in __getattr__
    return getattr(self._get_current_object(), name)
  File "/Users/faben/anaconda/lib/python2.7/site-packages/werkzeug/local.py", line 306, in _get_current_object
    return self.__local()
  File "/Users/faben/anaconda/lib/python2.7/site-packages/flask_login/utils.py", line 26, in <lambda>
    current_user = LocalProxy(lambda: _get_user())
  File "/Users/faben/anaconda/lib/python2.7/site-packages/flask_login/utils.py", line 302, in _get_user
    current_app.login_manager._load_user()
  File "/Users/faben/anaconda/lib/python2.7/site-packages/flask_login/login_manager.py", line 317, in _load_user
    return self.reload_user()
  File "/Users/faben/anaconda/lib/python2.7/site-packages/flask_login/login_manager.py", line 279, in reload_user
    user = self.user_callback(user_id)
  File "/Users/faben/Dropbox/Flask/hipegame/app/views.py", line 15, in load_user
    return User.query.get(int(id))
  File "/Users/faben/anaconda/lib/python2.7/site-packages/flask_sqlalchemy/__init__.py", line 496, in __get__
    mapper = orm.class_mapper(type)
  File "/Users/faben/anaconda/lib/python2.7/site-packages/sqlalchemy/orm/base.py", line 421, in class_mapper
    mapper = _inspect_mapped_class(class_, configure=configure)
  File "/Users/faben/anaconda/lib/python2.7/site-packages/sqlalchemy/orm/base.py", line 400, in _inspect_mapped_class
    mapper._configure_all()
  File "/Users/faben/anaconda/lib/python2.7/site-packages/sqlalchemy/orm/mapper.py", line 1222, in _configure_all
    configure_mappers()
  File "/Users/faben/anaconda/lib/python2.7/site-packages/sqlalchemy/orm/mapper.py", line 2863, in configure_mappers
    raise e
InvalidRequestError: One or more mappers failed to initialize - can't proceed with initialization of other mappers. Triggering mapper: 'Mapper|User|user'. Original exception was: When initializing mapper Mapper|User|user, expression 'Post' failed to locate a name ("name 'Post' is not defined"). If this is a class name, consider adding this relationship() to the <class 'app.models.User'> class after both dependent classes have been defined.
2017-10-07 19:46:01,977 INFO: microblog startup [in /Users/faben/Dropbox/Flask/hipegame/app/__init__.py:44
2017-10-07 19:46:04,061 ERROR: Exception on / [GET] [in /Users/faben/anaconda/lib/python2.7/site-packages/flask/app.py:1560
Traceback (most recent call last):
  File "/Users/faben/anaconda/lib/python2.7/site-packages/flask/app.py", line 1982, in wsgi_app
    response = self.full_dispatch_request()
  File "/Users/faben/anaconda/lib/python2.7/site-packages/flask/app.py", line 1614, in full_dispatch_request
    rv = self.handle_user_exception(e)
  File "/Users/faben/anaconda/lib/python2.7/site-packages/flask/app.py", line 1517, in handle_user_exception
    reraise(exc_type, exc_value, tb)
  File "/Users/faben/anaconda/lib/python2.7/site-packages/flask/app.py", line 1612, in full_dispatch_request
    rv = self.dispatch_request()
  File "/Users/faben/anaconda/lib/python2.7/site-packages/flask/app.py", line 1598, in dispatch_request
    return self.view_functions[rule.endpoint](**req.view_args)
  File "/Users/faben/anaconda/lib/python2.7/site-packages/flask_login/utils.py", line 228, in decorated_view
    return func(*args, **kwargs)
  File "/Users/faben/Dropbox/Flask/hipegame/app/views.py", line 36, in index
    form = form,
NameError: global name 'form' is not defined
2017-10-07 19:46:30,602 INFO: microblog startup [in /Users/faben/Dropbox/Flask/hipegame/app/__init__.py:44
2017-10-07 19:46:34,315 ERROR: Exception on /random [GET] [in /Users/faben/anaconda/lib/python2.7/site-packages/flask/app.py:1560
Traceback (most recent call last):
  File "/Users/faben/anaconda/lib/python2.7/site-packages/flask/app.py", line 1982, in wsgi_app
    response = self.full_dispatch_request()
  File "/Users/faben/anaconda/lib/python2.7/site-packages/flask/app.py", line 1614, in full_dispatch_request
    rv = self.handle_user_exception(e)
  File "/Users/faben/anaconda/lib/python2.7/site-packages/flask/app.py", line 1517, in handle_user_exception
    reraise(exc_type, exc_value, tb)
  File "/Users/faben/anaconda/lib/python2.7/site-packages/flask/app.py", line 1612, in full_dispatch_request
    rv = self.dispatch_request()
  File "/Users/faben/anaconda/lib/python2.7/site-packages/flask/app.py", line 1598, in dispatch_request
    return self.view_functions[rule.endpoint](**req.view_args)
  File "/Users/faben/anaconda/lib/python2.7/site-packages/flask_login/utils.py", line 228, in decorated_view
    return func(*args, **kwargs)
  File "/Users/faben/Dropbox/Flask/hipegame/app/views.py", line 193, in random
    while hipe in user.solved:
AttributeError: 'function' object has no attribute 'solved'
2017-10-07 19:46:59,106 INFO: microblog startup [in /Users/faben/Dropbox/Flask/hipegame/app/__init__.py:44
2017-10-07 19:47:00,733 ERROR: Exception on /random [GET] [in /Users/faben/anaconda/lib/python2.7/site-packages/flask/app.py:1560
Traceback (most recent call last):
  File "/Users/faben/anaconda/lib/python2.7/site-packages/flask/app.py", line 1982, in wsgi_app
    response = self.full_dispatch_request()
  File "/Users/faben/anaconda/lib/python2.7/site-packages/flask/app.py", line 1614, in full_dispatch_request
    rv = self.handle_user_exception(e)
  File "/Users/faben/anaconda/lib/python2.7/site-packages/flask/app.py", line 1517, in handle_user_exception
    reraise(exc_type, exc_value, tb)
  File "/Users/faben/anaconda/lib/python2.7/site-packages/flask/app.py", line 1612, in full_dispatch_request
    rv = self.dispatch_request()
  File "/Users/faben/anaconda/lib/python2.7/site-packages/flask/app.py", line 1598, in dispatch_request
    return self.view_functions[rule.endpoint](**req.view_args)
  File "/Users/faben/anaconda/lib/python2.7/site-packages/flask_login/utils.py", line 228, in decorated_view
    return func(*args, **kwargs)
  File "/Users/faben/Dropbox/Flask/hipegame/app/views.py", line 193, in random
    while hipe in user.solved:
AttributeError: 'function' object has no attribute 'solved'
2017-10-07 19:47:04,891 ERROR: Exception on /random [GET] [in /Users/faben/anaconda/lib/python2.7/site-packages/flask/app.py:1560
Traceback (most recent call last):
  File "/Users/faben/anaconda/lib/python2.7/site-packages/flask/app.py", line 1982, in wsgi_app
    response = self.full_dispatch_request()
  File "/Users/faben/anaconda/lib/python2.7/site-packages/flask/app.py", line 1614, in full_dispatch_request
    rv = self.handle_user_exception(e)
  File "/Users/faben/anaconda/lib/python2.7/site-packages/flask/app.py", line 1517, in handle_user_exception
    reraise(exc_type, exc_value, tb)
  File "/Users/faben/anaconda/lib/python2.7/site-packages/flask/app.py", line 1612, in full_dispatch_request
    rv = self.dispatch_request()
  File "/Users/faben/anaconda/lib/python2.7/site-packages/flask/app.py", line 1598, in dispatch_request
    return self.view_functions[rule.endpoint](**req.view_args)
  File "/Users/faben/anaconda/lib/python2.7/site-packages/flask_login/utils.py", line 228, in decorated_view
    return func(*args, **kwargs)
  File "/Users/faben/Dropbox/Flask/hipegame/app/views.py", line 193, in random
    while hipe in user.solved:
AttributeError: 'function' object has no attribute 'solved'
2017-10-07 19:48:23,043 INFO: microblog startup [in /Users/faben/Dropbox/Flask/hipegame/app/__init__.py:44
2017-10-07 19:48:33,899 INFO: microblog startup [in /Users/faben/Dropbox/Flask/hipegame/app/__init__.py:44
2017-11-23 10:40:23,293 INFO: microblog startup [in /Users/faben/Dropbox/Flask/hipegame/app/__init__.py:44
2017-11-23 11:34:40,875 INFO: microblog startup [in /Users/faben/Dropbox/Flask/hipegame/app/__init__.py:44
2017-12-14 17:19:34,059 INFO: microblog startup [in /Users/faben/Dropbox/Flask/hipegame/app/__init__.py:44
2017-12-14 17:20:07,054 INFO: microblog startup [in /Users/faben/Dropbox/Flask/hipegame/app/__init__.py:44
2018-04-05 21:18:38,382 INFO: microblog startup [in /Users/faben/Dropbox/Flask/hipegame/app/__init__.py:44
2018-04-05 21:18:39,565 INFO: microblog startup [in /Users/faben/Dropbox/Flask/hipegame/app/__init__.py:44
2018-04-07 17:47:21,343 INFO: microblog startup [in /Users/faben/Dropbox/Flask/hipegame/app/__init__.py:44
2018-04-07 17:47:22,141 INFO: microblog startup [in /Users/faben/Dropbox/Flask/hipegame/app/__init__.py:44
2018-04-07 18:01:24,271 INFO: microblog startup [in /Users/faben/Dropbox/Flask/hipegame/app/__init__.py:44
2018-04-07 18:01:25,203 INFO: microblog startup [in /Users/faben/Dropbox/Flask/hipegame/app/__init__.py:44
2018-04-07 18:03:56,296 INFO: microblog startup [in /Users/faben/Dropbox/Flask/hipegame/app/__init__.py:44
2018-04-07 18:03:57,146 INFO: microblog startup [in /Users/faben/Dropbox/Flask/hipegame/app/__init__.py:44
2018-04-07 18:04:20,956 INFO: microblog startup [in /Users/faben/Dropbox/Flask/hipegame/app/__init__.py:44
2018-04-07 18:04:21,774 INFO: microblog startup [in /Users/faben/Dropbox/Flask/hipegame/app/__init__.py:44
2018-05-24 09:48:40,418 INFO: microblog startup [in /Users/johnfaben/Dropbox/Flask/hipegame/app/__init__.py:44
2018-05-24 09:48:57,070 INFO: microblog startup [in /Users/johnfaben/Dropbox/Flask/hipegame/app/__init__.py:44
2018-05-24 09:49:09,802 INFO: microblog startup [in /Users/johnfaben/Dropbox/Flask/hipegame/app/__init__.py:44
2018-05-24 09:49:10,503 INFO: microblog startup [in /Users/johnfaben/Dropbox/Flask/hipegame/app/__init__.py:44
2018-05-24 10:06:19,644 INFO: microblog startup [in /Users/johnfaben/Dropbox/Flask/hipegame/app/__init__.py:44
2018-05-24 10:06:37,762 INFO: microblog startup [in /Users/johnfaben/Dropbox/Flask/hipegame/app/__init__.py:44
2018-05-24 10:06:41,677 INFO: microblog startup [in /Users/johnfaben/Dropbox/Flask/hipegame/app/__init__.py:44
2018-05-24 10:13:42,997 INFO: microblog startup [in /Users/johnfaben/Dropbox/Flask/hipegame/app/__init__.py:44
2018-05-24 10:13:51,051 INFO: microblog startup [in /Users/johnfaben/Dropbox/Flask/hipegame/app/__init__.py:44
2018-05-24 10:15:35,244 INFO: microblog startup [in /Users/johnfaben/Dropbox/Flask/hipegame/app/__init__.py:44
2018-05-24 10:17:29,127 INFO: microblog startup [in /Users/johnfaben/Dropbox/Flask/hipegame/app/__init__.py:44
2018-05-24 10:18:11,650 INFO: microblog startup [in /Users/johnfaben/Dropbox/Flask/hipegame/app/__init__.py:44
2018-05-24 10:18:14,123 INFO: microblog startup [in /Users/johnfaben/Dropbox/Flask/hipegame/app/__init__.py:44
2018-05-24 10:22:44,689 INFO: microblog startup [in /Users/johnfaben/Dropbox/Flask/hipegame/app/__init__.py:44
2018-05-24 10:22:51,498 INFO: microblog startup [in /Users/johnfaben/Dropbox/Flask/hipegame/app/__init__.py:44
2018-05-24 10:27:20,967 INFO: microblog startup [in /Users/johnfaben/Dropbox/Flask/hipegame/app/__init__.py:44
2018-05-24 10:27:21,653 INFO: microblog startup [in /Users/johnfaben/Dropbox/Flask/hipegame/app/__init__.py:44
2018-05-24 10:28:17,316 INFO: microblog startup [in /Users/johnfaben/Dropbox/Flask/hipegame/app/__init__.py:44
2018-05-24 10:30:34,351 INFO: microblog startup [in /Users/johnfaben/Dropbox/Flask/hipegame/app/__init__.py:44
2018-05-24 10:30:35,085 INFO: microblog startup [in /Users/johnfaben/Dropbox/Flask/hipegame/app/__init__.py:44
2018-05-24 10:31:34,043 INFO: microblog startup [in /Users/johnfaben/Dropbox/Flask/hipegame/app/__init__.py:44
2018-05-24 10:31:34,723 INFO: microblog startup [in /Users/johnfaben/Dropbox/Flask/hipegame/app/__init__.py:44
2018-05-24 12:27:00,518 INFO: microblog startup [in /Users/johnfaben/Dropbox/Flask/hipegame/app/__init__.py:44
2018-05-24 12:27:22,623 INFO: microblog startup [in /Users/johnfaben/Dropbox/Flask/hipegame/app/__init__.py:44
2018-05-24 12:33:12,520 INFO: microblog startup [in /Users/johnfaben/Dropbox/Flask/hipegame/app/__init__.py:44
2018-05-24 12:33:13,171 INFO: microblog startup [in /Users/johnfaben/Dropbox/Flask/hipegame/app/__init__.py:44
2018-05-24 12:34:38,865 INFO: microblog startup [in /Users/johnfaben/Dropbox/Flask/hipegame/app/__init__.py:44
2018-05-24 12:34:39,547 INFO: microblog startup [in /Users/johnfaben/Dropbox/Flask/hipegame/app/__init__.py:44
2018-05-24 12:37:17,808 INFO: microblog startup [in /Users/johnfaben/Dropbox/Flask/hipegame/app/__init__.py:44
2018-05-24 12:37:18,457 INFO: microblog startup [in /Users/johnfaben/Dropbox/Flask/hipegame/app/__init__.py:44
2018-05-24 12:43:42,842 INFO: microblog startup [in app/__init__.py:44
2018-05-24 12:52:03,889 INFO: microblog startup [in /Users/faben/Dropbox/Flask/hipegame/app/__init__.py:44
2018-05-24 12:52:04,988 INFO: microblog startup [in /Users/faben/Dropbox/Flask/hipegame/app/__init__.py:44
2018-05-24 12:53:46,273 INFO: microblog startup [in /Users/faben/Dropbox/Flask/hipegame/app/__init__.py:44
2018-05-24 12:53:47,216 INFO: microblog startup [in /Users/faben/Dropbox/Flask/hipegame/app/__init__.py:44
2018-05-24 12:54:52,020 INFO: microblog startup [in app/__init__.py:44
2018-05-24 12:55:58,654 INFO: microblog startup [in app/__init__.py:44
2018-05-24 12:57:01,112 INFO: microblog startup [in /Users/faben/Dropbox/Flask/hipegame/app/__init__.py:44
2018-05-24 12:57:01,919 INFO: microblog startup [in /Users/faben/Dropbox/Flask/hipegame/app/__init__.py:44
2018-05-24 13:01:54,020 INFO: microblog startup [in /Users/faben/Dropbox/Flask/hipegame/app/__init__.py:44
2018-05-24 13:01:55,029 INFO: microblog startup [in /Users/faben/Dropbox/Flask/hipegame/app/__init__.py:44
2018-05-24 13:03:51,878 INFO: microblog startup [in app/__init__.py:44
2018-05-24 13:07:36,254 INFO: microblog startup [in /Users/faben/Dropbox/Flask/hipegame/app/__init__.py:44
2018-05-24 13:32:52,579 INFO: microblog startup [in /Users/faben/Dropbox/Flask/hipegame/app/__init__.py:44
2018-05-24 13:32:53,593 INFO: microblog startup [in /Users/faben/Dropbox/Flask/hipegame/app/__init__.py:44
2018-05-24 13:38:30,494 INFO: microblog startup [in /Users/faben/Dropbox/Flask/hipegame/app/__init__.py:44
2018-05-24 14:05:31,336 INFO: microblog startup [in /Users/faben/Dropbox/Flask/hipegame/app/__init__.py:44
2018-05-24 14:05:32,338 INFO: microblog startup [in /Users/faben/Dropbox/Flask/hipegame/app/__init__.py:44
2018-05-24 14:26:10,962 INFO: microblog startup [in /Users/faben/Dropbox/Flask/hipegame/app/__init__.py:44
2018-05-24 14:26:29,192 INFO: microblog startup [in /Users/faben/Dropbox/Flask/hipegame/app/__init__.py:44
2018-05-24 14:32:56,135 INFO: microblog startup [in /Users/faben/Dropbox/Flask/hipegame/app/__init__.py:44
2018-05-24 14:32:57,128 INFO: microblog startup [in /Users/faben/Dropbox/Flask/hipegame/app/__init__.py:44
2018-05-24 14:34:05,551 INFO: microblog startup [in /Users/faben/Dropbox/Flask/hipegame/app/__init__.py:44
2018-05-24 14:43:04,684 INFO: microblog startup [in /Users/faben/Dropbox/Flask/hipegame/app/__init__.py:44
2018-05-24 14:47:42,724 INFO: microblog startup [in /Users/faben/Dropbox/Flask/hipegame/app/__init__.py:44
2018-05-24 14:49:20,177 INFO: microblog startup [in /Users/faben/Dropbox/Flask/hipegame/app/__init__.py:44
2018-05-24 14:51:51,010 INFO: microblog startup [in app/__init__.py:44
2018-05-24 14:53:49,517 INFO: microblog startup [in /Users/faben/Dropbox/Flask/hipegame/app/__init__.py:44
2018-05-24 14:55:11,769 INFO: microblog startup [in /Users/faben/Dropbox/Flask/hipegame/app/__init__.py:44
2018-05-24 14:55:48,075 INFO: microblog startup [in /Users/faben/Dropbox/Flask/hipegame/app/__init__.py:44
2018-05-24 14:57:28,983 INFO: microblog startup [in /Users/faben/Dropbox/Flask/hipegame/app/__init__.py:44
2018-05-24 14:58:22,115 INFO: microblog startup [in /Users/faben/Dropbox/Flask/hipegame/app/__init__.py:44
2018-05-24 14:58:58,578 INFO: microblog startup [in app/__init__.py:44
2018-05-24 15:01:13,895 INFO: microblog startup [in app/__init__.py:44
2018-05-24 15:03:45,498 INFO: microblog startup [in /Users/faben/Dropbox/Flask/hipegame/app/__init__.py:44
2018-05-24 15:07:23,780 INFO: microblog startup [in app/__init__.py:44
2018-05-24 15:09:48,922 INFO: microblog startup [in app/__init__.py:44
2018-05-24 15:20:25,394 INFO: microblog startup [in /Users/faben/Dropbox/Flask/hipegame/app/__init__.py:44
2018-05-24 15:25:45,664 INFO: microblog startup [in /Users/faben/Dropbox/Flask/hipegame/app/__init__.py:44
2018-05-24 15:26:01,454 INFO: microblog startup [in /Users/faben/Dropbox/Flask/hipegame/app/__init__.py:44
2018-05-24 15:47:13,420 INFO: microblog startup [in /Users/faben/Dropbox/Flask/hipegame/app/__init__.py:44
2018-05-24 15:50:19,155 INFO: microblog startup [in /Users/faben/Dropbox/Flask/hipegame/app/__init__.py:44
2018-05-24 16:08:39,053 INFO: microblog startup [in /Users/faben/Dropbox/Flask/hipegame/app/__init__.py:44
2018-05-24 16:09:56,979 INFO: microblog startup [in /Users/faben/Dropbox/Flask/hipegame/app/__init__.py:44
2018-05-24 16:11:28,291 INFO: microblog startup [in /Users/faben/Dropbox/Flask/hipegame/app/__init__.py:44
2018-05-24 16:12:20,232 INFO: microblog startup [in /Users/faben/Dropbox/Flask/hipegame/app/__init__.py:44
2018-05-24 16:12:56,662 INFO: microblog startup [in /Users/faben/Dropbox/Flask/hipegame/app/__init__.py:44
2018-05-24 16:13:04,971 INFO: microblog startup [in /Users/faben/Dropbox/Flask/hipegame/app/__init__.py:44
2018-05-24 16:13:38,456 INFO: microblog startup [in /Users/faben/Dropbox/Flask/hipegame/app/__init__.py:44
2018-05-24 16:13:58,195 INFO: microblog startup [in /Users/faben/Dropbox/Flask/hipegame/app/__init__.py:44
2018-05-24 16:17:44,659 INFO: microblog startup [in /Users/faben/Dropbox/Flask/hipegame/app/__init__.py:44
2018-05-24 16:18:25,119 INFO: microblog startup [in /Users/faben/Dropbox/Flask/hipegame/app/__init__.py:44
2018-05-24 16:19:25,266 INFO: microblog startup [in /Users/faben/Dropbox/Flask/hipegame/app/__init__.py:44
2018-05-24 16:19:33,635 INFO: microblog startup [in /Users/faben/Dropbox/Flask/hipegame/app/__init__.py:44
2018-05-24 16:20:58,742 INFO: microblog startup [in /Users/faben/Dropbox/Flask/hipegame/app/__init__.py:44
2018-05-24 16:21:05,424 INFO: microblog startup [in /Users/faben/Dropbox/Flask/hipegame/app/__init__.py:44
2018-05-24 16:21:30,470 INFO: microblog startup [in /Users/faben/Dropbox/Flask/hipegame/app/__init__.py:44
2018-05-24 16:22:19,285 INFO: microblog startup [in /Users/faben/Dropbox/Flask/hipegame/app/__init__.py:44
2018-05-25 10:23:34,781 INFO: microblog startup [in /Users/faben/Dropbox/Flask/hipegame/app/__init__.py:44
2018-05-25 10:23:35,854 INFO: microblog startup [in /Users/faben/Dropbox/Flask/hipegame/app/__init__.py:44
2018-05-25 10:24:42,410 INFO: microblog startup [in /Users/faben/Dropbox/Flask/hipegame/app/__init__.py:44
2018-05-25 13:47:35,753 INFO: microblog startup [in /Users/faben/Dropbox/Flask/hipegame/app/__init__.py:44
2018-07-21 16:55:58,341 INFO: microblog startup [in /Users/faben/Dropbox/Flask/hipegame/app/__init__.py:44
2018-07-21 16:56:16,115 INFO: microblog startup [in /Users/faben/Dropbox/Flask/hipegame/app/__init__.py:44
2018-07-21 16:58:03,014 INFO: microblog startup [in /Users/faben/Dropbox/Flask/hipegame/app/__init__.py:44
2018-07-21 16:58:19,565 INFO: microblog startup [in /Users/faben/Dropbox/Flask/hipegame/app/__init__.py:44
2018-07-21 16:58:53,812 INFO: microblog startup [in /Users/faben/Dropbox/Flask/hipegame/app/__init__.py:44
2018-07-21 16:59:17,778 INFO: microblog startup [in /Users/faben/Dropbox/Flask/hipegame/app/__init__.py:44
2018-07-21 17:08:23,276 INFO: microblog startup [in /Users/faben/Dropbox/Flask/hipegame/app/__init__.py:44
2018-07-21 17:11:45,416 INFO: microblog startup [in /Users/faben/Dropbox/Flask/hipegame/app/__init__.py:44
2018-07-21 17:15:34,648 INFO: microblog startup [in /Users/faben/Dropbox/Flask/hipegame/app/__init__.py:44
2018-07-21 17:20:02,354 INFO: microblog startup [in /Users/faben/Dropbox/Flask/hipegame/app/__init__.py:44
2018-07-21 17:21:30,190 INFO: microblog startup [in /Users/faben/Dropbox/Flask/hipegame/app/__init__.py:44
2018-07-21 17:21:44,275 INFO: microblog startup [in /Users/faben/Dropbox/Flask/hipegame/app/__init__.py:44
2018-07-21 17:23:59,545 INFO: microblog startup [in /Users/faben/Dropbox/Flask/hipegame/app/__init__.py:44
2018-07-21 17:24:00,352 INFO: microblog startup [in /Users/faben/Dropbox/Flask/hipegame/app/__init__.py:44
2018-07-21 17:26:17,748 INFO: microblog startup [in /Users/faben/Dropbox/Flask/hipegame/app/__init__.py:44
2018-07-21 17:26:18,396 INFO: microblog startup [in /Users/faben/Dropbox/Flask/hipegame/app/__init__.py:44
2018-07-21 17:33:19,084 INFO: microblog startup [in /Users/faben/Dropbox/Flask/hipegame/app/__init__.py:44
2018-07-21 17:33:28,715 INFO: microblog startup [in /Users/faben/Dropbox/Flask/hipegame/app/__init__.py:44
2018-07-21 17:33:29,350 INFO: microblog startup [in /Users/faben/Dropbox/Flask/hipegame/app/__init__.py:44
2018-07-22 15:46:11,291 INFO: microblog startup [in /Users/faben/Dropbox/Flask/hipegame/app/__init__.py:44
2018-07-22 15:46:12,850 INFO: microblog startup [in /Users/faben/Dropbox/Flask/hipegame/app/__init__.py:44
2018-07-22 16:02:52,713 INFO: microblog startup [in /Users/faben/Dropbox/Flask/hipegame/app/__init__.py:44
2018-07-22 16:03:40,918 INFO: microblog startup [in /Users/faben/Dropbox/Flask/hipegame/app/__init__.py:44
2018-07-22 19:40:28,340 INFO: microblog startup [in /Users/faben/Dropbox/Flask/hipegame/app/__init__.py:44
2018-07-22 19:40:34,177 INFO: microblog startup [in /Users/faben/Dropbox/Flask/hipegame/app/__init__.py:44
2018-07-22 19:40:45,889 INFO: microblog startup [in /Users/faben/Dropbox/Flask/hipegame/app/__init__.py:44
2018-07-22 19:42:07,069 INFO: microblog startup [in /Users/faben/Dropbox/Flask/hipegame/app/__init__.py:44
2018-07-22 19:42:56,221 INFO: microblog startup [in /Users/faben/Dropbox/Flask/hipegame/app/__init__.py:44
2018-07-22 19:43:58,765 INFO: microblog startup [in /Users/faben/Dropbox/Flask/hipegame/app/__init__.py:44
2018-08-29 18:17:41,779 INFO: microblog startup [in /Users/faben/Dropbox/Flask/hipegame/app/__init__.py:44
2018-08-29 18:17:54,353 INFO: microblog startup [in /Users/faben/Dropbox/Flask/hipegame/app/__init__.py:44
2018-08-29 18:18:20,855 INFO: microblog startup [in /Users/faben/Dropbox/Flask/hipegame/app/__init__.py:44
2018-08-29 18:18:21,758 INFO: microblog startup [in /Users/faben/Dropbox/Flask/hipegame/app/__init__.py:44
2018-08-29 18:19:13,088 INFO: microblog startup [in /Users/faben/Dropbox/Flask/hipegame/app/__init__.py:44
2018-08-29 18:22:30,923 INFO: microblog startup [in /Users/faben/Dropbox/Flask/hipegame/app/__init__.py:44
2018-08-29 18:22:31,600 INFO: microblog startup [in /Users/faben/Dropbox/Flask/hipegame/app/__init__.py:44
2019-08-26 11:13:40,942 INFO: microblog startup [in /Users/faben/Dropbox/Flask/hipegame/app/__init__.py:44
2019-08-26 11:13:42,206 INFO: microblog startup [in /Users/faben/Dropbox/Flask/hipegame/app/__init__.py:44
2019-08-26 11:25:34,977 INFO: microblog startup [in /Users/faben/Dropbox/Flask/hipegame/app/__init__.py:44
2019-08-26 11:25:36,316 INFO: microblog startup [in /Users/faben/Dropbox/Flask/hipegame/app/__init__.py:44
2019-08-26 11:29:54,140 INFO: microblog startup [in /Users/faben/Dropbox/Flask/hipegame/app/__init__.py:44
2019-08-26 11:29:55,473 INFO: microblog startup [in /Users/faben/Dropbox/Flask/hipegame/app/__init__.py:44
2019-08-26 12:53:59,802 INFO: microblog startup [in /Users/faben/Dropbox/Flask/hipegame/app/__init__.py:44
2019-08-26 12:54:00,703 INFO: microblog startup [in /Users/faben/Dropbox/Flask/hipegame/app/__init__.py:44
2020-01-10 09:47:20,182 INFO: microblog startup [in /Users/faben/Dropbox/Flask/hipegame/app/__init__.py:44
2020-01-10 09:47:21,829 INFO: microblog startup [in /Users/faben/Dropbox/Flask/hipegame/app/__init__.py:44
2020-01-10 11:14:27,930 INFO: microblog startup [in /Users/faben/Dropbox/Flask/hipegame/app/__init__.py:44
2020-01-10 11:16:59,370 INFO: microblog startup [in /Users/faben/Dropbox/Flask/hipegame/app/__init__.py:44
2020-01-10 11:26:07,420 INFO: microblog startup [in /Users/faben/Dropbox/Flask/hipegame/app/__init__.py:44
2020-01-10 11:26:46,199 INFO: microblog startup [in /Users/faben/Dropbox/Flask/hipegame/app/__init__.py:44
2020-01-10 11:26:47,864 INFO: microblog startup [in /Users/faben/Dropbox/Flask/hipegame/app/__init__.py:44
2020-01-10 11:28:57,887 INFO: microblog startup [in /Users/faben/Dropbox/Flask/hipegame/app/__init__.py:44
2020-01-10 11:29:28,504 INFO: microblog startup [in /Users/faben/Dropbox/Flask/hipegame/app/__init__.py:44
